app/build/outputs/logs/manifest-merger-debug-report.txt
-- Merging decision tree log ---
manifest
ADDED from src/main/AndroidManifest.xml:2:1-59:12
	xmlns:android
		ADDED from src/main/AndroidManifest.xml:2:11-69
	package
		ADDED from src/main/AndroidManifest.xml:3:7-28
		INJECTED from src/main/AndroidManifest.xml
		INJECTED from src/main/AndroidManifest.xml
	android:versionName
		ADDED from src/main/AndroidManifest.xml:4:38-63
	android:versionCode
		ADDED from src/main/AndroidManifest.xml:4:64-88
		INJECTED from src/main/AndroidManifest.xml
		INJECTED from src/main/AndroidManifest.xml
	android:installLocation
		ADDED from src/main/AndroidManifest.xml:4:7-37
application
ADDED from src/main/AndroidManifest.xml:5:5-45:16
	android:label
		ADDED from src/main/AndroidManifest.xml:5:48-80
	android:icon
		ADDED from src/main/AndroidManifest.xml:5:18-47
	android:theme
		ADDED from src/main/AndroidManifest.xml:5:81-109
	android:name
		ADDED from src/main/AndroidManifest.xml:5:110-141
activity#de.androvdr.activities.AndroVDR
ADDED from src/main/AndroidManifest.xml:6:9-13:20
	android:label
		ADDED from src/main/AndroidManifest.xml:7:19-51
	android:name
		ADDED from src/main/AndroidManifest.xml:6:19-54
	android:launchMode
		ADDED from src/main/AndroidManifest.xml:8:7-37
intent-filter#android.intent.action.MAIN+android.intent.category.LAUNCHER
ADDED from src/main/AndroidManifest.xml:9:13-12:29
action#android.intent.action.MAIN
ADDED from src/main/AndroidManifest.xml:10:17-69
	android:name
		ADDED from src/main/AndroidManifest.xml:10:25-66
category#android.intent.category.LAUNCHER
ADDED from src/main/AndroidManifest.xml:11:17-77
	android:name
		ADDED from src/main/AndroidManifest.xml:11:27-74
activity#de.androvdr.GesturesFind
ADDED from src/main/AndroidManifest.xml:14:9-59
	android:name
		ADDED from src/main/AndroidManifest.xml:14:19-47
activity#de.androvdr.GesturesCreate
ADDED from src/main/AndroidManifest.xml:15:9-61
	android:name
		ADDED from src/main/AndroidManifest.xml:15:19-49
activity#de.androvdr.GesturesBuilder
ADDED from src/main/AndroidManifest.xml:16:9-62
	android:name
		ADDED from src/main/AndroidManifest.xml:16:19-50
activity#de.androvdr.activities.AboutActivity
ADDED from src/main/AndroidManifest.xml:17:3-65
	android:name
		ADDED from src/main/AndroidManifest.xml:17:13-53
activity#de.androvdr.activities.ChannelsActivity
ADDED from src/main/AndroidManifest.xml:18:9-21:20
	android:name
		ADDED from src/main/AndroidManifest.xml:18:19-62
meta-data#android.app.default_searchable
ADDED from src/main/AndroidManifest.xml:19:4-20:53
	android:name
		ADDED from src/main/AndroidManifest.xml:19:15-60
	android:value
		ADDED from src/main/AndroidManifest.xml:20:5-50
activity#de.androvdr.activities.EpgsdataActivity
ADDED from src/main/AndroidManifest.xml:22:3-25:14
	android:name
		ADDED from src/main/AndroidManifest.xml:22:13-56
activity#de.androvdr.activities.EpgdataActivity
ADDED from src/main/AndroidManifest.xml:26:3-67
	android:name
		ADDED from src/main/AndroidManifest.xml:26:13-55
activity#de.androvdr.activities.TimersActivity
ADDED from src/main/AndroidManifest.xml:27:3-66
	android:name
		ADDED from src/main/AndroidManifest.xml:27:13-54
activity#de.androvdr.activities.EpgSearchActivity
ADDED from src/main/AndroidManifest.xml:28:3-34:14
	android:name
		ADDED from src/main/AndroidManifest.xml:28:13-57
intent-filter#android.intent.action.SEARCH
ADDED from src/main/AndroidManifest.xml:29:10-31:26
action#android.intent.action.SEARCH
ADDED from src/main/AndroidManifest.xml:30:14-68
	android:name
		ADDED from src/main/AndroidManifest.xml:30:22-65
meta-data#android.app.searchable
ADDED from src/main/AndroidManifest.xml:32:10-33:41
	android:resource
		ADDED from src/main/AndroidManifest.xml:33:5-39
	android:name
		ADDED from src/main/AndroidManifest.xml:32:21-58
activity#de.androvdr.activities.RecordingsActivity
ADDED from src/main/AndroidManifest.xml:35:3-70
	android:name
		ADDED from src/main/AndroidManifest.xml:35:13-58
activity#de.androvdr.activities.RecordingInfoActivity
ADDED from src/main/AndroidManifest.xml:36:3-73
	android:name
		ADDED from src/main/AndroidManifest.xml:36:13-61
activity#de.androvdr.activities.PreferencesActivity
ADDED from src/main/AndroidManifest.xml:37:3-71
	android:name
		ADDED from src/main/AndroidManifest.xml:37:13-59
activity#de.androvdr.activities.DevicesActivity
ADDED from src/main/AndroidManifest.xml:38:3-67
	android:name
		ADDED from src/main/AndroidManifest.xml:38:13-55
activity#de.androvdr.activities.DevicePreferencesActivity
ADDED from src/main/AndroidManifest.xml:39:3-77
	android:name
		ADDED from src/main/AndroidManifest.xml:39:13-65
activity#org.acra.CrashReportDialog
ADDED from src/main/AndroidManifest.xml:40:9-44:49
	android:theme
		ADDED from src/main/AndroidManifest.xml:41:13-56
	android:excludeFromRecents
		ADDED from src/main/AndroidManifest.xml:43:13-46
	android:name
		ADDED from src/main/AndroidManifest.xml:40:19-60
	android:finishOnTaskLaunch
		ADDED from src/main/AndroidManifest.xml:44:13-46
	android:launchMode
		ADDED from src/main/AndroidManifest.xml:42:13-48
supports-screens
ADDED from src/main/AndroidManifest.xml:46:2-51:31
	android:largeScreens
		ADDED from src/main/AndroidManifest.xml:49:3-30
	android:anyDensity
		ADDED from src/main/AndroidManifest.xml:51:3-28
	android:normalScreens
		ADDED from src/main/AndroidManifest.xml:48:3-31
	android:xlargeScreens
		ADDED from src/main/AndroidManifest.xml:50:9-37
	android:smallScreens
		ADDED from src/main/AndroidManifest.xml:47:3-30
uses-sdk
ADDED from src/main/AndroidManifest.xml:52:5-72
	android:targetSdkVersion
		ADDED from src/main/AndroidManifest.xml:52:15-44
		INJECTED from src/main/AndroidManifest.xml
		INJECTED from src/main/AndroidManifest.xml
	android:minSdkVersion
		ADDED from src/main/AndroidManifest.xml:52:45-70
		INJECTED from src/main/AndroidManifest.xml
		INJECTED from src/main/AndroidManifest.xml
uses-permission#android.permission.WRITE_EXTERNAL_STORAGE
ADDED from src/main/AndroidManifest.xml:53:5-81
	android:name
		ADDED from src/main/AndroidManifest.xml:53:22-78
uses-permission#android.permission.INTERNET
ADDED from src/main/AndroidManifest.xml:54:2-64
	android:name
		ADDED from src/main/AndroidManifest.xml:54:19-61
uses-permission#android.permission.ACCESS_NETWORK_STATE
ADDED from src/main/AndroidManifest.xml:55:2-76
	android:name
		ADDED from src/main/AndroidManifest.xml:55:19-73
uses-permission#android.permission.WAKE_LOCK
ADDED from src/main/AndroidManifest.xml:56:2-65
	android:name
		ADDED from src/main/AndroidManifest.xml:56:19-62
uses-permission#android.permission.VIBRATE
ADDED from src/main/AndroidManifest.xml:57:2-63
	android:name
		ADDED from src/main/AndroidManifest.xml:57:19-60
uses-permission#android.permission.DISABLE_KEYGUARD
ADDED from src/main/AndroidManifest.xml:58:2-72
	android:name
		ADDED from src/main/AndroidManifest.xml:58:19-69